[debug] > Exec(early(addDefaultCommands), None, None)
[debug] > Exec(addDefaultCommands, None, None)
[debug] > Exec(early(initialize), None, None)
[debug] > Exec(initialize, None, None)
[debug] > Exec(early(addPluginSbtFile="""C:\Users\Admin\AppData\Local\Temp\idea.sbt"""), None, None)
[debug] > Exec(addPluginSbtFile="""C:\Users\Admin\AppData\Local\Temp\idea.sbt""", None, None)
[debug] > Exec(boot, None, None)
[debug] > Exec(writeSbtVersion, None, None)
[debug] > Exec(reload, None, None)
[debug] > Exec(sbtStashOnFailure, None, None)
[debug] > Exec(onFailure loadFailed, None, None)
[debug] > Exec(loadp, None, None)
[info] welcome to sbt 1.9.9 (Oracle Corporation Java 11.0.21)
[debug] Load.defaultLoad until apply took 146.0481ms
[debug]                 Load.loadUnit: plugins took 124.878ms
[debug]                 Load.loadUnit: defsScala took 0.3508ms
[debug] [Loading] Scanning directory D:\Information_Retrieval\project\project
[debug]                   Load.loadUnit: mkEval took 9.3298ms
[debug] [Loading] Found non-root projects 
[debug] [Loading] Done in D:\Information_Retrieval\project\project, returning: ()
[debug] deducing auto plugins based on known facts Set(Atom(sbt.plugins.CorePlugin)) and clauses Clauses(Clause(Atom(sbt.plugins.JvmPlugin),Set(Atom(sbt.plugins.IvyPlugin)))
[debug] Clause(Atom(sbt.ScriptedPlugin),Set(Atom(sbt.plugins.JvmPlugin)))
[debug] Clause(Atom(sbt.plugins.SbtPlugin),Set(Atom(sbt.ScriptedPlugin)))
[debug] Clause(Atom(sbt.plugins.SemanticdbPlugin),Set(Atom(sbt.plugins.JvmPlugin)))
[debug] Clause(Atom(sbt.plugins.JUnitXmlReportPlugin),Set(Atom(sbt.plugins.JvmPlugin)))
[debug] Clause(Atom(sbt.plugins.MiniDependencyTreePlugin),Set(Atom(sbt.plugins.JvmPlugin)))
[debug] Clause(Atom(sbt.plugins.CorePlugin),Set(Atom(sbt.plugins.IvyPlugin)))
[debug] Clause(Atom(sbt.plugins.IvyPlugin),Set(Atom(sbt.plugins.JvmPlugin)))
[debug] Clause(Atom(sbt.plugins.JvmPlugin),Set(Atom(sbt.plugins.SemanticdbPlugin)))
[debug] Clause(Atom(sbt.plugins.JvmPlugin),Set(Atom(sbt.plugins.JUnitXmlReportPlugin)))
[debug] Clause(Atom(sbt.plugins.CorePlugin),Set(Atom(sbt.plugins.Giter8TemplatePlugin)))
[debug] Clause(Atom(sbt.plugins.JvmPlugin),Set(Atom(sbt.plugins.MiniDependencyTreePlugin))))
[debug]   :: deduced result: Matched(sbt.plugins.CorePlugin,sbt.plugins.Giter8TemplatePlugin,sbt.plugins.IvyPlugin,sbt.plugins.JvmPlugin,sbt.plugins.MiniDependencyTreePlugin,sbt.plugins.JUnitXmlReportPlugin,sbt.plugins.SemanticdbPlugin)
[debug] Plugins.deducer#function took 16.7049 ms
[info] loading settings for project information_retrieval-build-build from metals.sbt ...
[debug]                     Load.resolveProject(information_retrieval-build-build) took 48.0542ms
[debug]                   Load.loadTransitive: finalizeProject(Project(id information_retrieval-build-build, base: D:\Information_Retrieval\project\project, plugins: List(<none>))) took 87.258ms
[debug] [Loading] Done in D:\Information_Retrieval\project\project, returning: (information_retrieval-build-build)
[debug]                 Load.loadUnit: loadedProjectsRaw took 423.4374ms
[debug]                 Load.loadUnit: cleanEvalClasses took 6.3234ms
[debug]               Load.loadUnit(file:/D:/Information_Retrieval/project/project/, ...) took 560.6629ms
[debug]             Load.apply: load took 696.4544ms
[debug]             Load.apply: resolveProjects took 5.1285ms
[debug]             Load.apply: finalTransforms took 59.9977ms
[debug]             Load.apply: config.delegates took 8.0272ms
[debug]             Load.apply: Def.make(settings)... took 494.1059ms
[debug]             Load.apply: structureIndex took 110.9436ms
[debug]             Load.apply: mkStreams took 2.7066ms
[info] loading project definition from D:\Information_Retrieval\project\project
[debug] Running task... Cancel: Signal, check cycles: false, forcegc: true
[debug]           Load.loadUnit: plugins took 2436.8869ms
[debug]           Load.loadUnit: defsScala took 0.0067ms
[debug] [Loading] Scanning directory D:\Information_Retrieval\project
[debug]             Load.loadUnit: mkEval took 0.2793ms
[debug] [Loading] Found non-root projects 
[debug] [Loading] Done in D:\Information_Retrieval\project, returning: ()
[debug] deducing auto plugins based on known facts Set(Atom(sbt.plugins.CorePlugin)) and clauses Clauses(Clause(Atom(sbt.plugins.JvmPlugin),Set(Atom(sbt.plugins.IvyPlugin)))
[debug] Clause(Atom(sbt.ScriptedPlugin),Set(Atom(sbt.plugins.JvmPlugin)))
[debug] Clause(Atom(sbt.plugins.SbtPlugin),Set(Atom(sbt.ScriptedPlugin)))
[debug] Clause(Atom(sbt.plugins.SemanticdbPlugin),Set(Atom(sbt.plugins.JvmPlugin)))
[debug] Clause(Atom(sbt.plugins.JUnitXmlReportPlugin),Set(Atom(sbt.plugins.JvmPlugin)))
[debug] Clause(Atom(sbt.plugins.MiniDependencyTreePlugin),Set(Atom(sbt.plugins.JvmPlugin)))
[debug] Clause(Atom(bloop.integrations.sbt.BloopPlugin),Set(Atom(sbt.plugins.JvmPlugin)))
[debug] Clause(Atom(sbt.plugins.CorePlugin),Set(Atom(sbt.plugins.IvyPlugin)))
[debug] Clause(Atom(sbt.plugins.IvyPlugin),Set(Atom(sbt.plugins.JvmPlugin)))
[debug] Clause(Atom(sbt.plugins.JvmPlugin),Set(Atom(sbt.plugins.SemanticdbPlugin)))
[debug] Clause(Atom(sbt.plugins.JvmPlugin),Set(Atom(sbt.plugins.JUnitXmlReportPlugin)))
[debug] Clause(Atom(sbt.plugins.CorePlugin),Set(Atom(sbt.plugins.Giter8TemplatePlugin)))
[debug] Clause(Atom(sbt.plugins.JvmPlugin),Set(Atom(sbt.plugins.MiniDependencyTreePlugin)))
[debug] Clause(Atom(sbt.plugins.JvmPlugin),Set(Atom(bloop.integrations.sbt.BloopPlugin))))
[debug]   :: deduced result: Matched(sbt.plugins.CorePlugin,sbt.plugins.Giter8TemplatePlugin,sbt.plugins.IvyPlugin,sbt.plugins.JvmPlugin,bloop.integrations.sbt.BloopPlugin,sbt.plugins.MiniDependencyTreePlugin,sbt.plugins.JUnitXmlReportPlugin,sbt.plugins.SemanticdbPlugin)
[debug] Plugins.deducer#function took 2.6247 ms
[info] loading settings for project information_retrieval-build from metals.sbt,idea.sbt ...
[debug]               Load.resolveProject(information_retrieval-build) took 47.9861ms
[debug]             Load.loadTransitive: finalizeProject(Project(id information_retrieval-build, base: D:\Information_Retrieval\project, plugins: List(<none>))) took 51.3419ms
[debug] [Loading] Done in D:\Information_Retrieval\project, returning: (information_retrieval-build)
[debug]           Load.loadUnit: loadedProjectsRaw took 2854.3193ms
[debug]           Load.loadUnit: cleanEvalClasses took 1.2858ms
[debug]         Load.loadUnit(file:/D:/Information_Retrieval/project/, ...) took 5293.4383ms
[debug]       Load.apply: load took 5301.5421ms
[debug]       Load.apply: resolveProjects took 0.1679ms
[debug]       Load.apply: finalTransforms took 19.2526ms
[debug]       Load.apply: config.delegates took 0.5189ms
[debug]       Load.apply: Def.make(settings)... took 97.0104ms
[debug]       Load.apply: structureIndex took 31.8367ms
[debug]       Load.apply: mkStreams took 0.0041ms
[info] loading project definition from D:\Information_Retrieval\project
[debug] Evaluating tasks: bloopInstall
[debug] Running task... Cancel: Signal, check cycles: false, forcegc: true
[success] Generated .bloop\information_retrieval-build.json
[success] Total time: 4 s, completed 10:38:40, 20 thg 3, 2024
[debug] Running task... Cancel: Signal, check cycles: false, forcegc: true
[debug]     Load.loadUnit: plugins took 10091.5433ms
[debug]     Load.loadUnit: defsScala took 0.0035ms
[debug] [Loading] Scanning directory D:\Information_Retrieval
[debug]       Load.loadUnit: mkEval took 0.3181ms
[debug] [Loading] Found root project root w/ remaining 
[debug] deducing auto plugins based on known facts Set(Atom(sbt.plugins.CorePlugin)) and clauses Clauses(Clause(Atom(sbt.plugins.JvmPlugin),Set(Atom(sbt.plugins.IvyPlugin)))
[debug] Clause(Atom(sbt.ScriptedPlugin),Set(Atom(sbt.plugins.JvmPlugin)))
[debug] Clause(Atom(sbt.plugins.SbtPlugin),Set(Atom(sbt.ScriptedPlugin)))
[debug] Clause(Atom(sbt.plugins.SemanticdbPlugin),Set(Atom(sbt.plugins.JvmPlugin)))
[debug] Clause(Atom(sbt.plugins.JUnitXmlReportPlugin),Set(Atom(sbt.plugins.JvmPlugin)))
[debug] Clause(Atom(sbt.plugins.MiniDependencyTreePlugin),Set(Atom(sbt.plugins.JvmPlugin)))
[debug] Clause(Atom(bloop.integrations.sbt.BloopPlugin),Set(Atom(sbt.plugins.JvmPlugin)))
[debug] Clause(Atom(org.jetbrains.sbt.StructurePlugin),Set(Atom(sbt.plugins.JvmPlugin)))
[debug] Clause(Atom(org.jetbrains.sbt.IdeaShellPlugin),Set(Atom(sbt.plugins.JvmPlugin)))
[debug] Clause(Atom(org.jetbrains.sbt.indices.SbtIntellijIndicesPlugin),Set(Atom(sbt.plugins.JvmPlugin)))
[debug] Clause(Atom(sbt.plugins.CorePlugin),Set(Atom(sbt.plugins.IvyPlugin)))
[debug] Clause(Atom(sbt.plugins.IvyPlugin),Set(Atom(sbt.plugins.JvmPlugin)))
[debug] Clause(Atom(sbt.plugins.JvmPlugin),Set(Atom(sbt.plugins.SemanticdbPlugin)))
[debug] Clause(Atom(sbt.plugins.JvmPlugin),Set(Atom(sbt.plugins.JUnitXmlReportPlugin)))
[debug] Clause(Atom(sbt.plugins.CorePlugin),Set(Atom(sbt.plugins.Giter8TemplatePlugin)))
[debug] Clause(Atom(sbt.plugins.JvmPlugin),Set(Atom(sbt.plugins.MiniDependencyTreePlugin)))
[debug] Clause(Atom(sbt.plugins.JvmPlugin),Set(Atom(bloop.integrations.sbt.BloopPlugin)))
[debug] Clause(Atom(sbt.plugins.JvmPlugin),Set(Atom(org.jetbrains.sbt.StructurePlugin)))
[debug] Clause(Atom(sbt.plugins.JvmPlugin),Set(Atom(org.jetbrains.sbt.IdeaShellPlugin)))
[debug] Clause(And(Set(Atom(sbt.plugins.CorePlugin), Atom(sbt.plugins.JvmPlugin))),Set(Atom(org.jetbrains.sbt.indices.SbtIntellijIndicesPlugin))))
[debug]   :: deduced result: Matched(sbt.plugins.CorePlugin,sbt.plugins.Giter8TemplatePlugin,sbt.plugins.IvyPlugin,sbt.plugins.JvmPlugin,bloop.integrations.sbt.BloopPlugin,sbt.plugins.SemanticdbPlugin,org.jetbrains.sbt.indices.SbtIntellijIndicesPlugin,sbt.plugins.JUnitXmlReportPlugin,org.jetbrains.sbt.IdeaShellPlugin,org.jetbrains.sbt.StructurePlugin,sbt.plugins.MiniDependencyTreePlugin)
[debug] Plugins.deducer#function took 1.9856 ms
[info] loading settings for project root from build.sbt ...
[debug]         Load.resolveProject(root) took 63.7532ms
[debug]       Load.loadTransitive: finalizeProject(Project(id root, base: D:\Information_Retrieval, plugins: List(<none>))) took 67.7952ms
[debug] [Loading] Done in D:\Information_Retrieval, returning: (root)
[debug]     Load.loadUnit: loadedProjectsRaw took 1330.7504ms
[debug]     Load.loadUnit: cleanEvalClasses took 4.2276ms
[debug]   Load.loadUnit(file:/D:/Information_Retrieval/, ...) took 11428.4471ms
[debug] Load.apply: load took 11462.339ms
[debug] Load.apply: resolveProjects took 0.1838ms
[debug] Load.apply: finalTransforms took 29.1064ms
[debug] Load.apply: config.delegates took 0.358ms
[debug] Load.apply: Def.make(settings)... took 65.1707ms
[debug] Load.apply: structureIndex took 19.8551ms
[debug] Load.apply: mkStreams took 0.0037ms
[info] set current project to Information_Retrieval (in build file:/D:/Information_Retrieval/)
[debug] > Exec(sbtPopOnFailure, None, None)
[debug] > Exec(resumeFromFailure, None, None)
[debug] > Exec(notifyUsersAboutShell, None, None)
[debug] > Exec(iflast shell, None, None)
[debug] > Exec(; set ideaPort in Global := 63782 ; idea-shell, None, None)
[debug] > Exec(set ideaPort in Global := 63782, None, None)
[info] Defining Global / ideaPort
[info] The new value will be used by Compile / compile, Test / compile
[debug] Defining 
[debug] 	Global / ideaPort
[debug] 
[debug] The new value will be used by 
[debug] 	Compile / compile
[debug] 	Test / compile
[info] Reapplying settings...
[info] set current project to Information_Retrieval (in build file:/D:/Information_Retrieval/)
[debug] > Exec(idea-shell, None, None)
