[debug] > Exec(early(addDefaultCommands), None, None)
[debug] > Exec(addDefaultCommands, None, None)
[debug] > Exec(early(initialize), None, None)
[debug] > Exec(initialize, None, None)
[debug] > Exec(early(addPluginSbtFile="""C:\Users\Admin\AppData\Local\Temp\idea.sbt"""), None, None)
[debug] > Exec(addPluginSbtFile="""C:\Users\Admin\AppData\Local\Temp\idea.sbt""", None, None)
[debug] > Exec(boot, None, None)
[debug] > Exec(writeSbtVersion, None, None)
[debug] > Exec(reload, None, None)
[debug] > Exec(sbtStashOnFailure, None, None)
[debug] > Exec(onFailure loadFailed, None, None)
[debug] > Exec(loadp, None, None)
[info] welcome to sbt 1.9.9 (Oracle Corporation Java 11.0.21)
[debug] Load.defaultLoad until apply took 158.4656ms
[debug]                 Load.loadUnit: plugins took 113.6491ms
[debug]                 Load.loadUnit: defsScala took 0.4436ms
[debug] [Loading] Scanning directory D:\Information_Retrieval\project\project
[debug]                   Load.loadUnit: mkEval took 7.3615ms
[debug] [Loading] Found non-root projects 
[debug] [Loading] Done in D:\Information_Retrieval\project\project, returning: ()
[debug] deducing auto plugins based on known facts Set(Atom(sbt.plugins.CorePlugin)) and clauses Clauses(Clause(Atom(sbt.plugins.JvmPlugin),Set(Atom(sbt.plugins.IvyPlugin)))
[debug] Clause(Atom(sbt.ScriptedPlugin),Set(Atom(sbt.plugins.JvmPlugin)))
[debug] Clause(Atom(sbt.plugins.SbtPlugin),Set(Atom(sbt.ScriptedPlugin)))
[debug] Clause(Atom(sbt.plugins.SemanticdbPlugin),Set(Atom(sbt.plugins.JvmPlugin)))
[debug] Clause(Atom(sbt.plugins.JUnitXmlReportPlugin),Set(Atom(sbt.plugins.JvmPlugin)))
[debug] Clause(Atom(sbt.plugins.MiniDependencyTreePlugin),Set(Atom(sbt.plugins.JvmPlugin)))
[debug] Clause(Atom(sbt.plugins.CorePlugin),Set(Atom(sbt.plugins.IvyPlugin)))
[debug] Clause(Atom(sbt.plugins.IvyPlugin),Set(Atom(sbt.plugins.JvmPlugin)))
[debug] Clause(Atom(sbt.plugins.JvmPlugin),Set(Atom(sbt.plugins.SemanticdbPlugin)))
[debug] Clause(Atom(sbt.plugins.JvmPlugin),Set(Atom(sbt.plugins.JUnitXmlReportPlugin)))
[debug] Clause(Atom(sbt.plugins.CorePlugin),Set(Atom(sbt.plugins.Giter8TemplatePlugin)))
[debug] Clause(Atom(sbt.plugins.JvmPlugin),Set(Atom(sbt.plugins.MiniDependencyTreePlugin))))
[debug]   :: deduced result: Matched(sbt.plugins.CorePlugin,sbt.plugins.Giter8TemplatePlugin,sbt.plugins.IvyPlugin,sbt.plugins.JvmPlugin,sbt.plugins.MiniDependencyTreePlugin,sbt.plugins.JUnitXmlReportPlugin,sbt.plugins.SemanticdbPlugin)
[debug] Plugins.deducer#function took 13.1575 ms
[info] loading settings for project information_retrieval-build-build from metals.sbt ...
[debug]                     Load.resolveProject(information_retrieval-build-build) took 62.6324ms
[debug]                   Load.loadTransitive: finalizeProject(Project(id information_retrieval-build-build, base: D:\Information_Retrieval\project\project, plugins: List(<none>))) took 84.4615ms
[debug] [Loading] Done in D:\Information_Retrieval\project\project, returning: (information_retrieval-build-build)
[debug]                 Load.loadUnit: loadedProjectsRaw took 2228.8709ms
[debug]                 Load.loadUnit: cleanEvalClasses took 34.1681ms
[debug]               Load.loadUnit(file:/D:/Information_Retrieval/project/project/, ...) took 2384.6929ms
[debug]             Load.apply: load took 2503.5871ms
[debug]             Load.apply: resolveProjects took 4.606ms
[debug]             Load.apply: finalTransforms took 63.7324ms
[debug]             Load.apply: config.delegates took 11.8212ms
[debug]             Load.apply: Def.make(settings)... took 479.9253ms
[debug]             Load.apply: structureIndex took 137.3751ms
[debug]             Load.apply: mkStreams took 2.4055ms
[info] loading project definition from D:\Information_Retrieval\project\project
[debug] Running task... Cancel: Signal, check cycles: false, forcegc: true
[debug]           Load.loadUnit: plugins took 5001.0057ms
[debug]           Load.loadUnit: defsScala took 0.0037ms
[debug] [Loading] Scanning directory D:\Information_Retrieval\project
[debug]             Load.loadUnit: mkEval took 0.1954ms
[debug] [Loading] Found non-root projects 
[debug] [Loading] Done in D:\Information_Retrieval\project, returning: ()
[debug] deducing auto plugins based on known facts Set(Atom(sbt.plugins.CorePlugin)) and clauses Clauses(Clause(Atom(sbt.plugins.JvmPlugin),Set(Atom(sbt.plugins.IvyPlugin)))
[debug] Clause(Atom(sbt.ScriptedPlugin),Set(Atom(sbt.plugins.JvmPlugin)))
[debug] Clause(Atom(sbt.plugins.SbtPlugin),Set(Atom(sbt.ScriptedPlugin)))
[debug] Clause(Atom(sbt.plugins.SemanticdbPlugin),Set(Atom(sbt.plugins.JvmPlugin)))
[debug] Clause(Atom(sbt.plugins.JUnitXmlReportPlugin),Set(Atom(sbt.plugins.JvmPlugin)))
[debug] Clause(Atom(sbt.plugins.MiniDependencyTreePlugin),Set(Atom(sbt.plugins.JvmPlugin)))
[debug] Clause(Atom(bloop.integrations.sbt.BloopPlugin),Set(Atom(sbt.plugins.JvmPlugin)))
[debug] Clause(Atom(sbt.plugins.CorePlugin),Set(Atom(sbt.plugins.IvyPlugin)))
[debug] Clause(Atom(sbt.plugins.IvyPlugin),Set(Atom(sbt.plugins.JvmPlugin)))
[debug] Clause(Atom(sbt.plugins.JvmPlugin),Set(Atom(sbt.plugins.SemanticdbPlugin)))
[debug] Clause(Atom(sbt.plugins.JvmPlugin),Set(Atom(sbt.plugins.JUnitXmlReportPlugin)))
[debug] Clause(Atom(sbt.plugins.CorePlugin),Set(Atom(sbt.plugins.Giter8TemplatePlugin)))
[debug] Clause(Atom(sbt.plugins.JvmPlugin),Set(Atom(sbt.plugins.MiniDependencyTreePlugin)))
[debug] Clause(Atom(sbt.plugins.JvmPlugin),Set(Atom(bloop.integrations.sbt.BloopPlugin))))
[debug]   :: deduced result: Matched(sbt.plugins.CorePlugin,sbt.plugins.Giter8TemplatePlugin,sbt.plugins.IvyPlugin,sbt.plugins.JvmPlugin,bloop.integrations.sbt.BloopPlugin,sbt.plugins.MiniDependencyTreePlugin,sbt.plugins.JUnitXmlReportPlugin,sbt.plugins.SemanticdbPlugin)
[debug] Plugins.deducer#function took 1.0596 ms
[info] loading settings for project information_retrieval-build from metals.sbt,idea.sbt ...
[debug]               Load.resolveProject(information_retrieval-build) took 20.6696ms
[debug]             Load.loadTransitive: finalizeProject(Project(id information_retrieval-build, base: D:\Information_Retrieval\project, plugins: List(<none>))) took 22.1196ms
[debug] [Loading] Done in D:\Information_Retrieval\project, returning: (information_retrieval-build)
[debug]           Load.loadUnit: loadedProjectsRaw took 1429.2263ms
[debug]           Load.loadUnit: cleanEvalClasses took 3.8413ms
[debug]         Load.loadUnit(file:/D:/Information_Retrieval/project/, ...) took 6434.8652ms
[debug]       Load.apply: load took 6437.0499ms
[debug]       Load.apply: resolveProjects took 0.1904ms
[debug]       Load.apply: finalTransforms took 22.1367ms
[debug]       Load.apply: config.delegates took 0.5014ms
[debug]       Load.apply: Def.make(settings)... took 129.4015ms
[debug]       Load.apply: structureIndex took 45.6165ms
[debug]       Load.apply: mkStreams took 0.0041ms
[info] loading project definition from D:\Information_Retrieval\project
[debug] Evaluating tasks: bloopInstall
[debug] Running task... Cancel: Signal, check cycles: false, forcegc: true
[success] Generated .bloop\information_retrieval-build.json
[success] Total time: 3 s, completed 20:08:48, 19 thg 3, 2024
[debug] Running task... Cancel: Signal, check cycles: false, forcegc: true
[debug]     Load.loadUnit: plugins took 10210.8901ms
[debug]     Load.loadUnit: defsScala took 0.0024ms
[debug] [Loading] Scanning directory D:\Information_Retrieval
[debug]       Load.loadUnit: mkEval took 0.2146ms
[debug] [Loading] Found root project root w/ remaining 
[debug] deducing auto plugins based on known facts Set(Atom(sbt.plugins.CorePlugin)) and clauses Clauses(Clause(Atom(sbt.plugins.JvmPlugin),Set(Atom(sbt.plugins.IvyPlugin)))
[debug] Clause(Atom(sbt.ScriptedPlugin),Set(Atom(sbt.plugins.JvmPlugin)))
[debug] Clause(Atom(sbt.plugins.SbtPlugin),Set(Atom(sbt.ScriptedPlugin)))
[debug] Clause(Atom(sbt.plugins.SemanticdbPlugin),Set(Atom(sbt.plugins.JvmPlugin)))
[debug] Clause(Atom(sbt.plugins.JUnitXmlReportPlugin),Set(Atom(sbt.plugins.JvmPlugin)))
[debug] Clause(Atom(sbt.plugins.MiniDependencyTreePlugin),Set(Atom(sbt.plugins.JvmPlugin)))
[debug] Clause(Atom(bloop.integrations.sbt.BloopPlugin),Set(Atom(sbt.plugins.JvmPlugin)))
[debug] Clause(Atom(org.jetbrains.sbt.StructurePlugin),Set(Atom(sbt.plugins.JvmPlugin)))
[debug] Clause(Atom(org.jetbrains.sbt.IdeaShellPlugin),Set(Atom(sbt.plugins.JvmPlugin)))
[debug] Clause(Atom(org.jetbrains.sbt.indices.SbtIntellijIndicesPlugin),Set(Atom(sbt.plugins.JvmPlugin)))
[debug] Clause(Atom(sbt.plugins.CorePlugin),Set(Atom(sbt.plugins.IvyPlugin)))
[debug] Clause(Atom(sbt.plugins.IvyPlugin),Set(Atom(sbt.plugins.JvmPlugin)))
[debug] Clause(Atom(sbt.plugins.JvmPlugin),Set(Atom(sbt.plugins.SemanticdbPlugin)))
[debug] Clause(Atom(sbt.plugins.JvmPlugin),Set(Atom(sbt.plugins.JUnitXmlReportPlugin)))
[debug] Clause(Atom(sbt.plugins.CorePlugin),Set(Atom(sbt.plugins.Giter8TemplatePlugin)))
[debug] Clause(Atom(sbt.plugins.JvmPlugin),Set(Atom(sbt.plugins.MiniDependencyTreePlugin)))
[debug] Clause(Atom(sbt.plugins.JvmPlugin),Set(Atom(bloop.integrations.sbt.BloopPlugin)))
[debug] Clause(Atom(sbt.plugins.JvmPlugin),Set(Atom(org.jetbrains.sbt.StructurePlugin)))
[debug] Clause(Atom(sbt.plugins.JvmPlugin),Set(Atom(org.jetbrains.sbt.IdeaShellPlugin)))
[debug] Clause(And(Set(Atom(sbt.plugins.CorePlugin), Atom(sbt.plugins.JvmPlugin))),Set(Atom(org.jetbrains.sbt.indices.SbtIntellijIndicesPlugin))))
[debug]   :: deduced result: Matched(sbt.plugins.CorePlugin,sbt.plugins.Giter8TemplatePlugin,sbt.plugins.IvyPlugin,sbt.plugins.JvmPlugin,bloop.integrations.sbt.BloopPlugin,sbt.plugins.SemanticdbPlugin,org.jetbrains.sbt.indices.SbtIntellijIndicesPlugin,sbt.plugins.JUnitXmlReportPlugin,org.jetbrains.sbt.IdeaShellPlugin,org.jetbrains.sbt.StructurePlugin,sbt.plugins.MiniDependencyTreePlugin)
[debug] Plugins.deducer#function took 1.4337 ms
[info] loading settings for project root from build.sbt ...
[debug]         Load.resolveProject(root) took 46.0607ms
[debug]       Load.loadTransitive: finalizeProject(Project(id root, base: D:\Information_Retrieval, plugins: List(<none>))) took 50.2147ms
[debug] [Loading] Done in D:\Information_Retrieval, returning: (root)
[debug]     Load.loadUnit: loadedProjectsRaw took 1017.1896ms
[debug]     Load.loadUnit: cleanEvalClasses took 2.934ms
[debug]   Load.loadUnit(file:/D:/Information_Retrieval/, ...) took 11232.29ms
[debug] Load.apply: load took 11255.9583ms
[debug] Load.apply: resolveProjects took 0.1858ms
[debug] Load.apply: finalTransforms took 22.5148ms
[debug] Load.apply: config.delegates took 0.3223ms
[debug] Load.apply: Def.make(settings)... took 65.1603ms
[debug] Load.apply: structureIndex took 22.4536ms
[debug] Load.apply: mkStreams took 0.0028ms
[info] set current project to Information_Retrieval (in build file:/D:/Information_Retrieval/)
[debug] > Exec(sbtPopOnFailure, None, None)
[debug] > Exec(resumeFromFailure, None, None)
[debug] > Exec(notifyUsersAboutShell, None, None)
[debug] > Exec(iflast shell, None, None)
[debug] > Exec(; set ideaPort in Global := 49840 ; idea-shell, None, None)
[debug] > Exec(set ideaPort in Global := 49840, None, None)
[info] Defining Global / ideaPort
[info] The new value will be used by Compile / compile, Test / compile
[debug] Defining 
[debug] 	Global / ideaPort
[debug] 
[debug] The new value will be used by 
[debug] 	Compile / compile
[debug] 	Test / compile
[info] Reapplying settings...
[info] set current project to Information_Retrieval (in build file:/D:/Information_Retrieval/)
[debug] > Exec(idea-shell, None, None)
