[debug] > Exec(early(addDefaultCommands), None, None)
[debug] > Exec(addDefaultCommands, None, None)
[debug] > Exec(early(initialize), None, None)
[debug] > Exec(initialize, None, None)
[debug] > Exec(early(addPluginSbtFile="""C:\Users\admin\AppData\Local\Temp\idea.sbt"""), None, None)
[debug] > Exec(addPluginSbtFile="""C:\Users\admin\AppData\Local\Temp\idea.sbt""", None, None)
[debug] > Exec(boot, None, None)
[debug] > Exec(writeSbtVersion, None, None)
[debug] > Exec(reload, None, None)
[debug] > Exec(sbtStashOnFailure, None, None)
[debug] > Exec(onFailure loadFailed, None, None)
[debug] > Exec(loadp, None, None)
[info] welcome to sbt 1.9.9 (Oracle Corporation Java 11.0.21)
[debug] Load.defaultLoad until apply took 262.679ms
[debug]                 Load.loadUnit: plugins took 175.8431ms
[debug]                 Load.loadUnit: defsScala took 0.6159ms
[debug] [Loading] Scanning directory D:\Information_Retrieval\project\project
[debug]                   Load.loadUnit: mkEval took 14.3331ms
[debug] [Loading] Found non-root projects 
[debug] [Loading] Done in D:\Information_Retrieval\project\project, returning: ()
[debug] deducing auto plugins based on known facts Set(Atom(sbt.plugins.CorePlugin)) and clauses Clauses(Clause(Atom(sbt.plugins.JvmPlugin),Set(Atom(sbt.plugins.IvyPlugin)))
[debug] Clause(Atom(sbt.ScriptedPlugin),Set(Atom(sbt.plugins.JvmPlugin)))
[debug] Clause(Atom(sbt.plugins.SbtPlugin),Set(Atom(sbt.ScriptedPlugin)))
[debug] Clause(Atom(sbt.plugins.SemanticdbPlugin),Set(Atom(sbt.plugins.JvmPlugin)))
[debug] Clause(Atom(sbt.plugins.JUnitXmlReportPlugin),Set(Atom(sbt.plugins.JvmPlugin)))
[debug] Clause(Atom(sbt.plugins.MiniDependencyTreePlugin),Set(Atom(sbt.plugins.JvmPlugin)))
[debug] Clause(Atom(sbt.plugins.CorePlugin),Set(Atom(sbt.plugins.IvyPlugin)))
[debug] Clause(Atom(sbt.plugins.IvyPlugin),Set(Atom(sbt.plugins.JvmPlugin)))
[debug] Clause(Atom(sbt.plugins.JvmPlugin),Set(Atom(sbt.plugins.SemanticdbPlugin)))
[debug] Clause(Atom(sbt.plugins.JvmPlugin),Set(Atom(sbt.plugins.JUnitXmlReportPlugin)))
[debug] Clause(Atom(sbt.plugins.CorePlugin),Set(Atom(sbt.plugins.Giter8TemplatePlugin)))
[debug] Clause(Atom(sbt.plugins.JvmPlugin),Set(Atom(sbt.plugins.MiniDependencyTreePlugin))))
[debug]   :: deduced result: Matched(sbt.plugins.CorePlugin,sbt.plugins.Giter8TemplatePlugin,sbt.plugins.IvyPlugin,sbt.plugins.JvmPlugin,sbt.plugins.MiniDependencyTreePlugin,sbt.plugins.JUnitXmlReportPlugin,sbt.plugins.SemanticdbPlugin)
[debug] Plugins.deducer#function took 18.6501 ms
[info] loading settings for project information_retrieval-build-build from metals.sbt ...
[debug]                     Load.resolveProject(information_retrieval-build-build) took 80.4977ms
[debug]                   Load.loadTransitive: finalizeProject(Project(id information_retrieval-build-build, base: D:\Information_Retrieval\project\project, plugins: List(<none>))) took 127.9491ms
[debug] [Loading] Done in D:\Information_Retrieval\project\project, returning: (information_retrieval-build-build)
[debug]                 Load.loadUnit: loadedProjectsRaw took 563.6598ms
[debug]                 Load.loadUnit: cleanEvalClasses took 7.9292ms
[debug]               Load.loadUnit(file:/D:/Information_Retrieval/project/project/, ...) took 755.0613ms
[debug]             Load.apply: load took 917.393ms
[debug]             Load.apply: resolveProjects took 6.1311ms
[debug]             Load.apply: finalTransforms took 57.9361ms
[debug]             Load.apply: config.delegates took 12.104ms
[debug]             Load.apply: Def.make(settings)... took 499.0101ms
[debug]             Load.apply: structureIndex took 100.8165ms
[debug]             Load.apply: mkStreams took 1.7384ms
[info] loading project definition from D:\Information_Retrieval\project\project
[debug] Running task... Cancel: Signal, check cycles: false, forcegc: true
[debug]           Load.loadUnit: plugins took 3038.0931ms
[debug]           Load.loadUnit: defsScala took 0.0033ms
[debug] [Loading] Scanning directory D:\Information_Retrieval\project
[debug]             Load.loadUnit: mkEval took 0.458ms
[debug] [Loading] Found non-root projects 
[debug] [Loading] Done in D:\Information_Retrieval\project, returning: ()
[debug] deducing auto plugins based on known facts Set(Atom(sbt.plugins.CorePlugin)) and clauses Clauses(Clause(Atom(sbt.plugins.JvmPlugin),Set(Atom(sbt.plugins.IvyPlugin)))
[debug] Clause(Atom(sbt.ScriptedPlugin),Set(Atom(sbt.plugins.JvmPlugin)))
[debug] Clause(Atom(sbt.plugins.SbtPlugin),Set(Atom(sbt.ScriptedPlugin)))
[debug] Clause(Atom(sbt.plugins.SemanticdbPlugin),Set(Atom(sbt.plugins.JvmPlugin)))
[debug] Clause(Atom(sbt.plugins.JUnitXmlReportPlugin),Set(Atom(sbt.plugins.JvmPlugin)))
[debug] Clause(Atom(sbt.plugins.MiniDependencyTreePlugin),Set(Atom(sbt.plugins.JvmPlugin)))
[debug] Clause(Atom(bloop.integrations.sbt.BloopPlugin),Set(Atom(sbt.plugins.JvmPlugin)))
[debug] Clause(Atom(sbt.plugins.CorePlugin),Set(Atom(sbt.plugins.IvyPlugin)))
[debug] Clause(Atom(sbt.plugins.IvyPlugin),Set(Atom(sbt.plugins.JvmPlugin)))
[debug] Clause(Atom(sbt.plugins.JvmPlugin),Set(Atom(sbt.plugins.SemanticdbPlugin)))
[debug] Clause(Atom(sbt.plugins.JvmPlugin),Set(Atom(sbt.plugins.JUnitXmlReportPlugin)))
[debug] Clause(Atom(sbt.plugins.CorePlugin),Set(Atom(sbt.plugins.Giter8TemplatePlugin)))
[debug] Clause(Atom(sbt.plugins.JvmPlugin),Set(Atom(sbt.plugins.MiniDependencyTreePlugin)))
[debug] Clause(Atom(sbt.plugins.JvmPlugin),Set(Atom(bloop.integrations.sbt.BloopPlugin))))
[debug]   :: deduced result: Matched(sbt.plugins.CorePlugin,sbt.plugins.Giter8TemplatePlugin,sbt.plugins.IvyPlugin,sbt.plugins.JvmPlugin,bloop.integrations.sbt.BloopPlugin,sbt.plugins.MiniDependencyTreePlugin,sbt.plugins.JUnitXmlReportPlugin,sbt.plugins.SemanticdbPlugin)
[debug] Plugins.deducer#function took 2.152 ms
[info] loading settings for project information_retrieval-build from metals.sbt,idea.sbt ...
[debug]               Load.resolveProject(information_retrieval-build) took 23.1954ms
[debug]             Load.loadTransitive: finalizeProject(Project(id information_retrieval-build, base: D:\Information_Retrieval\project, plugins: List(<none>))) took 26.0927ms
[debug] [Loading] Done in D:\Information_Retrieval\project, returning: (information_retrieval-build)
[debug]           Load.loadUnit: loadedProjectsRaw took 94.4985ms
[debug]           Load.loadUnit: cleanEvalClasses took 1.1107ms
[debug]         Load.loadUnit(file:/D:/Information_Retrieval/project/, ...) took 3134.5415ms
[debug]       Load.apply: load took 3136.51ms
[debug]       Load.apply: resolveProjects took 0.2263ms
[debug]       Load.apply: finalTransforms took 15.4471ms
[debug]       Load.apply: config.delegates took 0.4778ms
[debug]       Load.apply: Def.make(settings)... took 93.1424ms
[debug]       Load.apply: structureIndex took 25.6565ms
[debug]       Load.apply: mkStreams took 0.0019ms
[info] loading project definition from D:\Information_Retrieval\project
[debug] Evaluating tasks: bloopInstall
[debug] Running task... Cancel: Signal, check cycles: false, forcegc: true
[success] Generated .bloop\information_retrieval-build.json
[success] Total time: 4 s, completed Apr 4, 2024, 1:32:33 PM
[debug] Running task... Cancel: Signal, check cycles: false, forcegc: true
[debug]     Load.loadUnit: plugins took 7458.8652ms
[debug]     Load.loadUnit: defsScala took 0.0038ms
[debug] [Loading] Scanning directory D:\Information_Retrieval
[debug]       Load.loadUnit: mkEval took 0.7585ms
[debug] [Loading] Found root project root w/ remaining 
[debug] deducing auto plugins based on known facts Set(Atom(sbt.plugins.CorePlugin)) and clauses Clauses(Clause(Atom(sbt.plugins.JvmPlugin),Set(Atom(sbt.plugins.IvyPlugin)))
[debug] Clause(Atom(sbt.ScriptedPlugin),Set(Atom(sbt.plugins.JvmPlugin)))
[debug] Clause(Atom(sbt.plugins.SbtPlugin),Set(Atom(sbt.ScriptedPlugin)))
[debug] Clause(Atom(sbt.plugins.SemanticdbPlugin),Set(Atom(sbt.plugins.JvmPlugin)))
[debug] Clause(Atom(sbt.plugins.JUnitXmlReportPlugin),Set(Atom(sbt.plugins.JvmPlugin)))
[debug] Clause(Atom(sbt.plugins.MiniDependencyTreePlugin),Set(Atom(sbt.plugins.JvmPlugin)))
[debug] Clause(Atom(bloop.integrations.sbt.BloopPlugin),Set(Atom(sbt.plugins.JvmPlugin)))
[debug] Clause(Atom(org.jetbrains.sbt.StructurePlugin),Set(Atom(sbt.plugins.JvmPlugin)))
[debug] Clause(Atom(org.jetbrains.sbt.IdeaShellPlugin),Set(Atom(sbt.plugins.JvmPlugin)))
[debug] Clause(Atom(org.jetbrains.sbt.indices.SbtIntellijIndicesPlugin),Set(Atom(sbt.plugins.JvmPlugin)))
[debug] Clause(Atom(sbt.plugins.CorePlugin),Set(Atom(sbt.plugins.IvyPlugin)))
[debug] Clause(Atom(sbt.plugins.IvyPlugin),Set(Atom(sbt.plugins.JvmPlugin)))
[debug] Clause(Atom(sbt.plugins.JvmPlugin),Set(Atom(sbt.plugins.SemanticdbPlugin)))
[debug] Clause(Atom(sbt.plugins.JvmPlugin),Set(Atom(sbt.plugins.JUnitXmlReportPlugin)))
[debug] Clause(Atom(sbt.plugins.CorePlugin),Set(Atom(sbt.plugins.Giter8TemplatePlugin)))
[debug] Clause(Atom(sbt.plugins.JvmPlugin),Set(Atom(sbt.plugins.MiniDependencyTreePlugin)))
[debug] Clause(Atom(sbt.plugins.JvmPlugin),Set(Atom(bloop.integrations.sbt.BloopPlugin)))
[debug] Clause(Atom(sbt.plugins.JvmPlugin),Set(Atom(org.jetbrains.sbt.StructurePlugin)))
[debug] Clause(Atom(sbt.plugins.JvmPlugin),Set(Atom(org.jetbrains.sbt.IdeaShellPlugin)))
[debug] Clause(And(Set(Atom(sbt.plugins.CorePlugin), Atom(sbt.plugins.JvmPlugin))),Set(Atom(org.jetbrains.sbt.indices.SbtIntellijIndicesPlugin))))
[debug]   :: deduced result: Matched(sbt.plugins.CorePlugin,sbt.plugins.Giter8TemplatePlugin,sbt.plugins.IvyPlugin,sbt.plugins.JvmPlugin,bloop.integrations.sbt.BloopPlugin,sbt.plugins.SemanticdbPlugin,org.jetbrains.sbt.indices.SbtIntellijIndicesPlugin,sbt.plugins.JUnitXmlReportPlugin,org.jetbrains.sbt.IdeaShellPlugin,org.jetbrains.sbt.StructurePlugin,sbt.plugins.MiniDependencyTreePlugin)
[debug] Plugins.deducer#function took 3.2179 ms
[info] loading settings for project root from build.sbt ...
[debug]         Load.resolveProject(root) took 69.7193ms
[debug]       Load.loadTransitive: finalizeProject(Project(id root, base: D:\Information_Retrieval, plugins: List(<none>))) took 75.2438ms
[debug] [Loading] Done in D:\Information_Retrieval, returning: (root)
[debug]     Load.loadUnit: loadedProjectsRaw took 148.9466ms
[debug]     Load.loadUnit: cleanEvalClasses took 3.4617ms
[debug]   Load.loadUnit(file:/D:/Information_Retrieval/, ...) took 7612.9978ms
[debug] Load.apply: load took 7653.4627ms
[debug] Load.apply: resolveProjects took 0.184ms
[debug] Load.apply: finalTransforms took 29.0047ms
[debug] Load.apply: config.delegates took 0.3922ms
[debug] Load.apply: Def.make(settings)... took 89.9313ms
[debug] Load.apply: structureIndex took 31.1115ms
[debug] Load.apply: mkStreams took 0.0023ms
[info] set current project to Information_Retrieval (in build file:/D:/Information_Retrieval/)
[debug] > Exec(sbtPopOnFailure, None, None)
[debug] > Exec(resumeFromFailure, None, None)
[debug] > Exec(notifyUsersAboutShell, None, None)
[debug] > Exec(iflast shell, None, None)
[debug] > Exec(; set ideaPort in Global := 63702 ; idea-shell, None, None)
[debug] > Exec(set ideaPort in Global := 63702, None, None)
[info] Defining Global / ideaPort
[info] The new value will be used by Compile / compile, Test / compile
[debug] Defining 
[debug] 	Global / ideaPort
[debug] 
[debug] The new value will be used by 
[debug] 	Compile / compile
[debug] 	Test / compile
[info] Reapplying settings...
[info] set current project to Information_Retrieval (in build file:/D:/Information_Retrieval/)
[debug] > Exec(idea-shell, None, None)
