[debug] > Exec(early(addDefaultCommands), None, None)
[debug] > Exec(addDefaultCommands, None, None)
[debug] > Exec(early(initialize), None, None)
[debug] > Exec(initialize, None, None)
[debug] > Exec(early(addPluginSbtFile="""C:\Users\Admin\AppData\Local\Temp\idea.sbt"""), None, None)
[debug] > Exec(addPluginSbtFile="""C:\Users\Admin\AppData\Local\Temp\idea.sbt""", None, None)
[debug] > Exec(boot, None, None)
[debug] > Exec(writeSbtVersion, None, None)
[debug] > Exec(reload, None, None)
[debug] > Exec(sbtStashOnFailure, None, None)
[debug] > Exec(onFailure loadFailed, None, None)
[debug] > Exec(loadp, None, None)
[info] welcome to sbt 1.9.9 (Oracle Corporation Java 11.0.21)
[debug] Load.defaultLoad until apply took 239.3068ms
[debug]                 Load.loadUnit: plugins took 141.2433ms
[debug]                 Load.loadUnit: defsScala took 0.5534ms
[debug] [Loading] Scanning directory D:\Information_Retrieval\project\project
[debug]                   Load.loadUnit: mkEval took 13.328401ms
[debug] [Loading] Found non-root projects 
[debug] [Loading] Done in D:\Information_Retrieval\project\project, returning: ()
[debug] deducing auto plugins based on known facts Set(Atom(sbt.plugins.CorePlugin)) and clauses Clauses(Clause(Atom(sbt.plugins.JvmPlugin),Set(Atom(sbt.plugins.IvyPlugin)))
[debug] Clause(Atom(sbt.ScriptedPlugin),Set(Atom(sbt.plugins.JvmPlugin)))
[debug] Clause(Atom(sbt.plugins.SbtPlugin),Set(Atom(sbt.ScriptedPlugin)))
[debug] Clause(Atom(sbt.plugins.SemanticdbPlugin),Set(Atom(sbt.plugins.JvmPlugin)))
[debug] Clause(Atom(sbt.plugins.JUnitXmlReportPlugin),Set(Atom(sbt.plugins.JvmPlugin)))
[debug] Clause(Atom(sbt.plugins.MiniDependencyTreePlugin),Set(Atom(sbt.plugins.JvmPlugin)))
[debug] Clause(Atom(sbt.plugins.CorePlugin),Set(Atom(sbt.plugins.IvyPlugin)))
[debug] Clause(Atom(sbt.plugins.IvyPlugin),Set(Atom(sbt.plugins.JvmPlugin)))
[debug] Clause(Atom(sbt.plugins.JvmPlugin),Set(Atom(sbt.plugins.SemanticdbPlugin)))
[debug] Clause(Atom(sbt.plugins.JvmPlugin),Set(Atom(sbt.plugins.JUnitXmlReportPlugin)))
[debug] Clause(Atom(sbt.plugins.CorePlugin),Set(Atom(sbt.plugins.Giter8TemplatePlugin)))
[debug] Clause(Atom(sbt.plugins.JvmPlugin),Set(Atom(sbt.plugins.MiniDependencyTreePlugin))))
[debug]   :: deduced result: Matched(sbt.plugins.CorePlugin,sbt.plugins.Giter8TemplatePlugin,sbt.plugins.IvyPlugin,sbt.plugins.JvmPlugin,sbt.plugins.MiniDependencyTreePlugin,sbt.plugins.JUnitXmlReportPlugin,sbt.plugins.SemanticdbPlugin)
[debug] Plugins.deducer#function took 32.830401 ms
[info] loading settings for project information_retrieval-build-build from metals.sbt ...
[debug]                     Load.resolveProject(information_retrieval-build-build) took 86.9795ms
[debug]                   Load.loadTransitive: finalizeProject(Project(id information_retrieval-build-build, base: D:\Information_Retrieval\project\project, plugins: List(<none>))) took 163.744399ms
[debug] [Loading] Done in D:\Information_Retrieval\project\project, returning: (information_retrieval-build-build)
[debug]                 Load.loadUnit: loadedProjectsRaw took 636.104301ms
[debug]                 Load.loadUnit: cleanEvalClasses took 14.706901ms
[debug]               Load.loadUnit(file:/D:/Information_Retrieval/project/project/, ...) took 802.142601ms
[debug]             Load.apply: load took 1027.0322ms
[debug]             Load.apply: resolveProjects took 13.3821ms
[debug]             Load.apply: finalTransforms took 116.509399ms
[debug]             Load.apply: config.delegates took 14.910399ms
[debug]             Load.apply: Def.make(settings)... took 809.3436ms
[debug]             Load.apply: structureIndex took 255.5523ms
[debug]             Load.apply: mkStreams took 3.258ms
[info] loading project definition from D:\Information_Retrieval\project\project
[debug] Running task... Cancel: Signal, check cycles: false, forcegc: true
[debug]           Load.loadUnit: plugins took 3966.329101ms
[debug]           Load.loadUnit: defsScala took 0.0128ms
[debug] [Loading] Scanning directory D:\Information_Retrieval\project
[debug]             Load.loadUnit: mkEval took 0.407799ms
[debug] [Loading] Found non-root projects 
[debug] [Loading] Done in D:\Information_Retrieval\project, returning: ()
[debug] deducing auto plugins based on known facts Set(Atom(sbt.plugins.CorePlugin)) and clauses Clauses(Clause(Atom(sbt.plugins.JvmPlugin),Set(Atom(sbt.plugins.IvyPlugin)))
[debug] Clause(Atom(sbt.ScriptedPlugin),Set(Atom(sbt.plugins.JvmPlugin)))
[debug] Clause(Atom(sbt.plugins.SbtPlugin),Set(Atom(sbt.ScriptedPlugin)))
[debug] Clause(Atom(sbt.plugins.SemanticdbPlugin),Set(Atom(sbt.plugins.JvmPlugin)))
[debug] Clause(Atom(sbt.plugins.JUnitXmlReportPlugin),Set(Atom(sbt.plugins.JvmPlugin)))
[debug] Clause(Atom(sbt.plugins.MiniDependencyTreePlugin),Set(Atom(sbt.plugins.JvmPlugin)))
[debug] Clause(Atom(bloop.integrations.sbt.BloopPlugin),Set(Atom(sbt.plugins.JvmPlugin)))
[debug] Clause(Atom(sbt.plugins.CorePlugin),Set(Atom(sbt.plugins.IvyPlugin)))
[debug] Clause(Atom(sbt.plugins.IvyPlugin),Set(Atom(sbt.plugins.JvmPlugin)))
[debug] Clause(Atom(sbt.plugins.JvmPlugin),Set(Atom(sbt.plugins.SemanticdbPlugin)))
[debug] Clause(Atom(sbt.plugins.JvmPlugin),Set(Atom(sbt.plugins.JUnitXmlReportPlugin)))
[debug] Clause(Atom(sbt.plugins.CorePlugin),Set(Atom(sbt.plugins.Giter8TemplatePlugin)))
[debug] Clause(Atom(sbt.plugins.JvmPlugin),Set(Atom(sbt.plugins.MiniDependencyTreePlugin)))
[debug] Clause(Atom(sbt.plugins.JvmPlugin),Set(Atom(bloop.integrations.sbt.BloopPlugin))))
[debug]   :: deduced result: Matched(sbt.plugins.CorePlugin,sbt.plugins.Giter8TemplatePlugin,sbt.plugins.IvyPlugin,sbt.plugins.JvmPlugin,bloop.integrations.sbt.BloopPlugin,sbt.plugins.MiniDependencyTreePlugin,sbt.plugins.JUnitXmlReportPlugin,sbt.plugins.SemanticdbPlugin)
[debug] Plugins.deducer#function took 3.548199 ms
[info] loading settings for project information_retrieval-build from metals.sbt,idea.sbt ...
[debug]               Load.resolveProject(information_retrieval-build) took 39.7619ms
[debug]             Load.loadTransitive: finalizeProject(Project(id information_retrieval-build, base: D:\Information_Retrieval\project, plugins: List(<none>))) took 44.5316ms
[debug] [Loading] Done in D:\Information_Retrieval\project, returning: (information_retrieval-build)
[debug]           Load.loadUnit: loadedProjectsRaw took 3789.3315ms
[debug]           Load.loadUnit: cleanEvalClasses took 1.422701ms
[debug]         Load.loadUnit(file:/D:/Information_Retrieval/project/, ...) took 7758.445ms
[debug]       Load.apply: load took 7760.8128ms
[debug]       Load.apply: resolveProjects took 0.2606ms
[debug]       Load.apply: finalTransforms took 24.2524ms
[debug]       Load.apply: config.delegates took 0.656601ms
[debug]       Load.apply: Def.make(settings)... took 119.821099ms
[debug]       Load.apply: structureIndex took 41.6939ms
[debug]       Load.apply: mkStreams took 0.0037ms
[info] loading project definition from D:\Information_Retrieval\project
[debug] Evaluating tasks: bloopInstall
[debug] Running task... Cancel: Signal, check cycles: false, forcegc: true
[success] Generated .bloop\information_retrieval-build.json
[success] Total time: 6 s, completed 01:25:43, 17 thg 3, 2024
[debug] Running task... Cancel: Signal, check cycles: false, forcegc: true
[debug]     Load.loadUnit: plugins took 13873.1674ms
[debug]     Load.loadUnit: defsScala took 0.004099ms
[debug] [Loading] Scanning directory D:\Information_Retrieval
[debug]       Load.loadUnit: mkEval took 0.2632ms
[debug] [Loading] Found root project root w/ remaining 
[debug] deducing auto plugins based on known facts Set(Atom(sbt.plugins.CorePlugin)) and clauses Clauses(Clause(Atom(sbt.plugins.JvmPlugin),Set(Atom(sbt.plugins.IvyPlugin)))
[debug] Clause(Atom(sbt.ScriptedPlugin),Set(Atom(sbt.plugins.JvmPlugin)))
[debug] Clause(Atom(sbt.plugins.SbtPlugin),Set(Atom(sbt.ScriptedPlugin)))
[debug] Clause(Atom(sbt.plugins.SemanticdbPlugin),Set(Atom(sbt.plugins.JvmPlugin)))
[debug] Clause(Atom(sbt.plugins.JUnitXmlReportPlugin),Set(Atom(sbt.plugins.JvmPlugin)))
[debug] Clause(Atom(sbt.plugins.MiniDependencyTreePlugin),Set(Atom(sbt.plugins.JvmPlugin)))
[debug] Clause(Atom(bloop.integrations.sbt.BloopPlugin),Set(Atom(sbt.plugins.JvmPlugin)))
[debug] Clause(Atom(org.jetbrains.sbt.StructurePlugin),Set(Atom(sbt.plugins.JvmPlugin)))
[debug] Clause(Atom(org.jetbrains.sbt.IdeaShellPlugin),Set(Atom(sbt.plugins.JvmPlugin)))
[debug] Clause(Atom(org.jetbrains.sbt.indices.SbtIntellijIndicesPlugin),Set(Atom(sbt.plugins.JvmPlugin)))
[debug] Clause(Atom(sbt.plugins.CorePlugin),Set(Atom(sbt.plugins.IvyPlugin)))
[debug] Clause(Atom(sbt.plugins.IvyPlugin),Set(Atom(sbt.plugins.JvmPlugin)))
[debug] Clause(Atom(sbt.plugins.JvmPlugin),Set(Atom(sbt.plugins.SemanticdbPlugin)))
[debug] Clause(Atom(sbt.plugins.JvmPlugin),Set(Atom(sbt.plugins.JUnitXmlReportPlugin)))
[debug] Clause(Atom(sbt.plugins.CorePlugin),Set(Atom(sbt.plugins.Giter8TemplatePlugin)))
[debug] Clause(Atom(sbt.plugins.JvmPlugin),Set(Atom(sbt.plugins.MiniDependencyTreePlugin)))
[debug] Clause(Atom(sbt.plugins.JvmPlugin),Set(Atom(bloop.integrations.sbt.BloopPlugin)))
[debug] Clause(Atom(sbt.plugins.JvmPlugin),Set(Atom(org.jetbrains.sbt.StructurePlugin)))
[debug] Clause(Atom(sbt.plugins.JvmPlugin),Set(Atom(org.jetbrains.sbt.IdeaShellPlugin)))
[debug] Clause(And(Set(Atom(sbt.plugins.CorePlugin), Atom(sbt.plugins.JvmPlugin))),Set(Atom(org.jetbrains.sbt.indices.SbtIntellijIndicesPlugin))))
[debug]   :: deduced result: Matched(sbt.plugins.CorePlugin,sbt.plugins.Giter8TemplatePlugin,sbt.plugins.IvyPlugin,sbt.plugins.JvmPlugin,bloop.integrations.sbt.BloopPlugin,sbt.plugins.SemanticdbPlugin,org.jetbrains.sbt.indices.SbtIntellijIndicesPlugin,sbt.plugins.JUnitXmlReportPlugin,org.jetbrains.sbt.IdeaShellPlugin,org.jetbrains.sbt.StructurePlugin,sbt.plugins.MiniDependencyTreePlugin)
[debug] Plugins.deducer#function took 2.208199 ms
[info] loading settings for project root from build.sbt ...
[debug]         Load.resolveProject(root) took 80.001ms
[debug]       Load.loadTransitive: finalizeProject(Project(id root, base: D:\Information_Retrieval, plugins: List(<none>))) took 84.3498ms
[debug] [Loading] Done in D:\Information_Retrieval, returning: (root)
[debug]     Load.loadUnit: loadedProjectsRaw took 1542.299199ms
[debug]     Load.loadUnit: cleanEvalClasses took 3.6683ms
[debug]   Load.loadUnit(file:/D:/Information_Retrieval/, ...) took 15421.373099ms
[debug] Load.apply: load took 15468.678901ms
[debug] Load.apply: resolveProjects took 0.1456ms
[debug] Load.apply: finalTransforms took 30.714001ms
[debug] Load.apply: config.delegates took 0.4313ms
[debug] Load.apply: Def.make(settings)... took 88.237201ms
[debug] Load.apply: structureIndex took 26.7199ms
[debug] Load.apply: mkStreams took 0.0039ms
[info] set current project to Information_Retrieval (in build file:/D:/Information_Retrieval/)
[debug] > Exec(sbtPopOnFailure, None, None)
[debug] > Exec(resumeFromFailure, None, None)
[debug] > Exec(notifyUsersAboutShell, None, None)
[debug] > Exec(iflast shell, None, None)
[debug] > Exec(; set ideaPort in Global := 49850 ; idea-shell, None, None)
[debug] > Exec(set ideaPort in Global := 49850, None, None)
[info] Defining Global / ideaPort
[info] The new value will be used by Compile / compile, Test / compile
[debug] Defining 
[debug] 	Global / ideaPort
[debug] 
[debug] The new value will be used by 
[debug] 	Compile / compile
[debug] 	Test / compile
[info] Reapplying settings...
[info] set current project to Information_Retrieval (in build file:/D:/Information_Retrieval/)
[debug] > Exec(idea-shell, None, None)
