[debug] > Exec(;reload; set _root_.org.jetbrains.sbt.StructureKeys.sbtStructureOptions in Global := "download resolveClassifiers resolveSbtClassifiers insertProjectTransitiveDependencies" ;preferScala2;*/*:dumpStructureTo C:/Users/admin/AppData/Local/Temp/sbt-structure.xml; session clear-all ; set ideaPort in Global := 56116, None, None)
[debug] > Exec(reload, None, None)
[debug] > Exec(sbtStashOnFailure, None, None)
[debug] > Exec(onFailure loadFailed, None, None)
[debug] > Exec(loadp, None, None)
[info] welcome to sbt 1.9.9 (Oracle Corporation Java 11.0.21)
[debug] Load.defaultLoad until apply took 4.110199ms
[debug]                 Load.loadUnit: plugins took 35.785699ms
[debug]                 Load.loadUnit: defsScala took 0.0045ms
[debug] [Loading] Scanning directory D:\Information_Retrieval\project\project
[debug]                   Load.loadUnit: mkEval took 0.3841ms
[debug] [Loading] Found non-root projects 
[debug] [Loading] Done in D:\Information_Retrieval\project\project, returning: ()
[debug] deducing auto plugins based on known facts Set(Atom(sbt.plugins.CorePlugin)) and clauses Clauses(Clause(Atom(sbt.plugins.JvmPlugin),Set(Atom(sbt.plugins.IvyPlugin)))
[debug] Clause(Atom(sbt.ScriptedPlugin),Set(Atom(sbt.plugins.JvmPlugin)))
[debug] Clause(Atom(sbt.plugins.SbtPlugin),Set(Atom(sbt.ScriptedPlugin)))
[debug] Clause(Atom(sbt.plugins.SemanticdbPlugin),Set(Atom(sbt.plugins.JvmPlugin)))
[debug] Clause(Atom(sbt.plugins.JUnitXmlReportPlugin),Set(Atom(sbt.plugins.JvmPlugin)))
[debug] Clause(Atom(sbt.plugins.MiniDependencyTreePlugin),Set(Atom(sbt.plugins.JvmPlugin)))
[debug] Clause(Atom(sbt.plugins.CorePlugin),Set(Atom(sbt.plugins.IvyPlugin)))
[debug] Clause(Atom(sbt.plugins.IvyPlugin),Set(Atom(sbt.plugins.JvmPlugin)))
[debug] Clause(Atom(sbt.plugins.JvmPlugin),Set(Atom(sbt.plugins.SemanticdbPlugin)))
[debug] Clause(Atom(sbt.plugins.JvmPlugin),Set(Atom(sbt.plugins.JUnitXmlReportPlugin)))
[debug] Clause(Atom(sbt.plugins.CorePlugin),Set(Atom(sbt.plugins.Giter8TemplatePlugin)))
[debug] Clause(Atom(sbt.plugins.JvmPlugin),Set(Atom(sbt.plugins.MiniDependencyTreePlugin))))
[debug]   :: deduced result: Matched(sbt.plugins.CorePlugin,sbt.plugins.Giter8TemplatePlugin,sbt.plugins.IvyPlugin,sbt.plugins.JvmPlugin,sbt.plugins.MiniDependencyTreePlugin,sbt.plugins.JUnitXmlReportPlugin,sbt.plugins.SemanticdbPlugin)
[debug] Plugins.deducer#function took 1.262799 ms
[info] loading settings for project information_retrieval-build-build from metals.sbt ...
[debug]                     Load.resolveProject(information_retrieval-build-build) took 1.253099ms
[debug]                   Load.loadTransitive: finalizeProject(Project(id information_retrieval-build-build, base: D:\Information_Retrieval\project\project, plugins: List(<none>))) took 2.8609ms
[debug] [Loading] Done in D:\Information_Retrieval\project\project, returning: (information_retrieval-build-build)
[debug]                 Load.loadUnit: loadedProjectsRaw took 19.6516ms
[debug]                 Load.loadUnit: cleanEvalClasses took 1.0643ms
[debug]               Load.loadUnit(file:/D:/Information_Retrieval/project/project/, ...) took 57.7899ms
[debug]             Load.apply: load took 59.2836ms
[debug]             Load.apply: resolveProjects took 0.111201ms
[debug]             Load.apply: finalTransforms took 6.8607ms
[debug]             Load.apply: config.delegates took 0.308999ms
[debug]             Load.apply: Def.make(settings)... took 66.234599ms
[debug]             Load.apply: structureIndex took 19.3212ms
[debug]             Load.apply: mkStreams took 0.0037ms
[info] loading project definition from D:\Information_Retrieval\project\project
[debug] Running task... Cancel: Signal, check cycles: false, forcegc: true
[debug]           Load.loadUnit: plugins took 363.9277ms
[debug]           Load.loadUnit: defsScala took 0.0036ms
[debug] [Loading] Scanning directory D:\Information_Retrieval\project
[debug]             Load.loadUnit: mkEval took 0.8653ms
[debug] [Loading] Found non-root projects 
[debug] [Loading] Done in D:\Information_Retrieval\project, returning: ()
[debug] deducing auto plugins based on known facts Set(Atom(sbt.plugins.CorePlugin)) and clauses Clauses(Clause(Atom(sbt.plugins.JvmPlugin),Set(Atom(sbt.plugins.IvyPlugin)))
[debug] Clause(Atom(sbt.ScriptedPlugin),Set(Atom(sbt.plugins.JvmPlugin)))
[debug] Clause(Atom(sbt.plugins.SbtPlugin),Set(Atom(sbt.ScriptedPlugin)))
[debug] Clause(Atom(sbt.plugins.SemanticdbPlugin),Set(Atom(sbt.plugins.JvmPlugin)))
[debug] Clause(Atom(sbt.plugins.JUnitXmlReportPlugin),Set(Atom(sbt.plugins.JvmPlugin)))
[debug] Clause(Atom(sbt.plugins.MiniDependencyTreePlugin),Set(Atom(sbt.plugins.JvmPlugin)))
[debug] Clause(Atom(bloop.integrations.sbt.BloopPlugin),Set(Atom(sbt.plugins.JvmPlugin)))
[debug] Clause(Atom(sbt.plugins.CorePlugin),Set(Atom(sbt.plugins.IvyPlugin)))
[debug] Clause(Atom(sbt.plugins.IvyPlugin),Set(Atom(sbt.plugins.JvmPlugin)))
[debug] Clause(Atom(sbt.plugins.JvmPlugin),Set(Atom(sbt.plugins.SemanticdbPlugin)))
[debug] Clause(Atom(sbt.plugins.JvmPlugin),Set(Atom(sbt.plugins.JUnitXmlReportPlugin)))
[debug] Clause(Atom(sbt.plugins.CorePlugin),Set(Atom(sbt.plugins.Giter8TemplatePlugin)))
[debug] Clause(Atom(sbt.plugins.JvmPlugin),Set(Atom(sbt.plugins.MiniDependencyTreePlugin)))
[debug] Clause(Atom(sbt.plugins.JvmPlugin),Set(Atom(bloop.integrations.sbt.BloopPlugin))))
[debug]   :: deduced result: Matched(sbt.plugins.CorePlugin,sbt.plugins.Giter8TemplatePlugin,sbt.plugins.IvyPlugin,sbt.plugins.JvmPlugin,bloop.integrations.sbt.BloopPlugin,sbt.plugins.MiniDependencyTreePlugin,sbt.plugins.JUnitXmlReportPlugin,sbt.plugins.SemanticdbPlugin)
[debug] Plugins.deducer#function took 2.408401 ms
[info] loading settings for project information_retrieval-build from metals.sbt,idea.sbt ...
[debug]               Load.resolveProject(information_retrieval-build) took 30.3683ms
[debug]             Load.loadTransitive: finalizeProject(Project(id information_retrieval-build, base: D:\Information_Retrieval\project, plugins: List(<none>))) took 33.8712ms
[debug] [Loading] Done in D:\Information_Retrieval\project, returning: (information_retrieval-build)
[debug]           Load.loadUnit: loadedProjectsRaw took 75.4838ms
[debug]           Load.loadUnit: cleanEvalClasses took 0.9308ms
[debug]         Load.loadUnit(file:/D:/Information_Retrieval/project/, ...) took 441.223901ms
[debug]       Load.apply: load took 442.8489ms
[debug]       Load.apply: resolveProjects took 0.1028ms
[debug]       Load.apply: finalTransforms took 10.382401ms
[debug]       Load.apply: config.delegates took 0.299ms
[debug]       Load.apply: Def.make(settings)... took 41.1149ms
[debug]       Load.apply: structureIndex took 18.7663ms
[debug]       Load.apply: mkStreams took 0.0052ms
[info] loading project definition from D:\Information_Retrieval\project
[debug] Evaluating tasks: bloopInstall
[debug] Running task... Cancel: Signal, check cycles: false, forcegc: true
[success] Generated .bloop\information_retrieval-build.json
[success] Total time: 2 s, completed 08:37:45, 21 thg 3, 2024
[debug] Running task... Cancel: Signal, check cycles: false, forcegc: true
[debug]     Load.loadUnit: plugins took 2251.2178ms
[debug]     Load.loadUnit: defsScala took 0.002301ms
[debug] [Loading] Scanning directory D:\Information_Retrieval
[debug]       Load.loadUnit: mkEval took 0.423099ms
[debug] [Loading] Found root project root w/ remaining 
[debug] deducing auto plugins based on known facts Set(Atom(sbt.plugins.CorePlugin)) and clauses Clauses(Clause(Atom(sbt.plugins.JvmPlugin),Set(Atom(sbt.plugins.IvyPlugin)))
[debug] Clause(Atom(sbt.ScriptedPlugin),Set(Atom(sbt.plugins.JvmPlugin)))
[debug] Clause(Atom(sbt.plugins.SbtPlugin),Set(Atom(sbt.ScriptedPlugin)))
[debug] Clause(Atom(sbt.plugins.SemanticdbPlugin),Set(Atom(sbt.plugins.JvmPlugin)))
[debug] Clause(Atom(sbt.plugins.JUnitXmlReportPlugin),Set(Atom(sbt.plugins.JvmPlugin)))
[debug] Clause(Atom(sbt.plugins.MiniDependencyTreePlugin),Set(Atom(sbt.plugins.JvmPlugin)))
[debug] Clause(Atom(bloop.integrations.sbt.BloopPlugin),Set(Atom(sbt.plugins.JvmPlugin)))
[debug] Clause(Atom(org.jetbrains.sbt.StructurePlugin),Set(Atom(sbt.plugins.JvmPlugin)))
[debug] Clause(Atom(org.jetbrains.sbt.IdeaShellPlugin),Set(Atom(sbt.plugins.JvmPlugin)))
[debug] Clause(Atom(org.jetbrains.sbt.indices.SbtIntellijIndicesPlugin),Set(Atom(sbt.plugins.JvmPlugin)))
[debug] Clause(Atom(sbt.plugins.CorePlugin),Set(Atom(sbt.plugins.IvyPlugin)))
[debug] Clause(Atom(sbt.plugins.IvyPlugin),Set(Atom(sbt.plugins.JvmPlugin)))
[debug] Clause(Atom(sbt.plugins.JvmPlugin),Set(Atom(sbt.plugins.SemanticdbPlugin)))
[debug] Clause(Atom(sbt.plugins.JvmPlugin),Set(Atom(sbt.plugins.JUnitXmlReportPlugin)))
[debug] Clause(Atom(sbt.plugins.CorePlugin),Set(Atom(sbt.plugins.Giter8TemplatePlugin)))
[debug] Clause(Atom(sbt.plugins.JvmPlugin),Set(Atom(sbt.plugins.MiniDependencyTreePlugin)))
[debug] Clause(Atom(sbt.plugins.JvmPlugin),Set(Atom(bloop.integrations.sbt.BloopPlugin)))
[debug] Clause(Atom(sbt.plugins.JvmPlugin),Set(Atom(org.jetbrains.sbt.StructurePlugin)))
[debug] Clause(Atom(sbt.plugins.JvmPlugin),Set(Atom(org.jetbrains.sbt.IdeaShellPlugin)))
[debug] Clause(And(Set(Atom(sbt.plugins.CorePlugin), Atom(sbt.plugins.JvmPlugin))),Set(Atom(org.jetbrains.sbt.indices.SbtIntellijIndicesPlugin))))
[debug]   :: deduced result: Matched(sbt.plugins.CorePlugin,sbt.plugins.Giter8TemplatePlugin,sbt.plugins.IvyPlugin,sbt.plugins.JvmPlugin,bloop.integrations.sbt.BloopPlugin,sbt.plugins.SemanticdbPlugin,org.jetbrains.sbt.indices.SbtIntellijIndicesPlugin,sbt.plugins.JUnitXmlReportPlugin,org.jetbrains.sbt.IdeaShellPlugin,org.jetbrains.sbt.StructurePlugin,sbt.plugins.MiniDependencyTreePlugin)
[debug] Plugins.deducer#function took 1.1022 ms
[info] loading settings for project root from build.sbt ...
[debug]         Load.resolveProject(root) took 51.2874ms
[debug]       Load.loadTransitive: finalizeProject(Project(id root, base: D:\Information_Retrieval, plugins: List(<none>))) took 52.813901ms
[debug] [Loading] Done in D:\Information_Retrieval, returning: (root)
[debug]     Load.loadUnit: loadedProjectsRaw took 98.0881ms
[debug]     Load.loadUnit: cleanEvalClasses took 5.2062ms
[debug]   Load.loadUnit(file:/D:/Information_Retrieval/, ...) took 2355.2805ms
[debug] Load.apply: load took 2357.2802ms
[debug] Load.apply: resolveProjects took 0.2669ms
[debug] Load.apply: finalTransforms took 25.809ms
[debug] Load.apply: config.delegates took 0.3713ms
[debug] Load.apply: Def.make(settings)... took 62.4667ms
[debug] Load.apply: structureIndex took 17.808301ms
[debug] Load.apply: mkStreams took 0.0032ms
[warn] Discarding 1 session setting.  Use 'session save' to persist session settings.
[info] set current project to Information_Retrieval (in build file:/D:/Information_Retrieval/)
[debug] > Exec(sbtPopOnFailure, None, None)
[debug] > Exec(resumeFromFailure, None, None)
[debug] > Exec(set _root_.org.jetbrains.sbt.StructureKeys.sbtStructureOptions in Global := "download resolveClassifiers resolveSbtClassifiers insertProjectTransitiveDependencies", None, None)
[info] Defining Global / sbtStructureOptions
[info] The new value will be used by Global / ssOptions
[debug] Defining 
[debug] 	Global / sbtStructureOptions
[debug] 
[debug] The new value will be used by 
[debug] 	Global / ssOptions
[info] Reapplying settings...
[info] set current project to Information_Retrieval (in build file:/D:/Information_Retrieval/)
[debug] > Exec(preferScala2, None, None)
[debug] > Exec(*/*:dumpStructureTo C:/Users/admin/AppData/Local/Temp/sbt-structure.xml, None, None)
[debug] Evaluating tasks: Global / dumpStructureTo
[warn] sbt 0.13 shell syntax is deprecated; use slash syntax instead: Global / dumpStructureTo
[debug] Running task... Cancel: Signal, check cycles: false, forcegc: true
[info] Writing structure to C:\Users\admin\AppData\Local\Temp\sbt-structure.xml...
[info] Done.
[success] Total time: 6 s, completed 08:37:51, 21 thg 3, 2024
[debug] > Exec(session clear-all, None, None)
[info] Reapplying settings...
[info] set current project to Information_Retrieval (in build file:/D:/Information_Retrieval/)
[debug] > Exec(set ideaPort in Global := 56116, None, None)
[info] Defining Global / ideaPort
[info] The new value will be used by Compile / compile, Test / compile
[debug] Defining 
[debug] 	Global / ideaPort
[debug] 
[debug] The new value will be used by 
[debug] 	Compile / compile
[debug] 	Test / compile
[info] Reapplying settings...
[info] set current project to Information_Retrieval (in build file:/D:/Information_Retrieval/)
[debug] > Exec(idea-shell, None, None)
[debug] > Exec(, None, None)
[debug] > Exec(idea-shell, None, None)
